android_projects/IloiloTaxiDriverApp1/app/build/outputs/logs/manifest-merger-debug-report.txt
-- Merging decision tree log ---
manifest
ADDED from src\main\AndroidManifest.xml:2:1-84:12
	package
		ADDED from src\main\AndroidManifest.xml:3:5-45
		INJECTED from src\main\AndroidManifest.xml
		INJECTED from src\main\AndroidManifest.xml
	android:versionName
		ADDED from src\main\AndroidManifest.xml:5:5-30
		INJECTED from src\main\AndroidManifest.xml
		INJECTED from src\main\AndroidManifest.xml
	android:versionCode
		ADDED from src\main\AndroidManifest.xml:4:5-28
		INJECTED from src\main\AndroidManifest.xml
		INJECTED from src\main\AndroidManifest.xml
	xmlns:android
		ADDED from src\main\AndroidManifest.xml:2:11-69
uses-permission#android.permission.GET_ACCOUNTS
ADDED from src\main\AndroidManifest.xml:7:1-67
	android:name
		ADDED from src\main\AndroidManifest.xml:7:18-64
uses-permission#com.google.android.c2dm.permission.RECEIVE
ADDED from src\main\AndroidManifest.xml:8:5-82
	android:name
		ADDED from src\main\AndroidManifest.xml:8:22-79
uses-permission#android.permission.WAKE_LOCK
ADDED from src\main\AndroidManifest.xml:9:5-68
	android:name
		ADDED from src\main\AndroidManifest.xml:9:22-65
uses-permission#android.permission.ACCESS_NETWORK_STATE
ADDED from src\main\AndroidManifest.xml:10:5-78
	android:name
		ADDED from src\main\AndroidManifest.xml:10:22-76
uses-permission#android.permission.ACCESS_WIFI_STATE
ADDED from src\main\AndroidManifest.xml:11:2-72
	android:name
		ADDED from src\main\AndroidManifest.xml:11:19-70
uses-permission#android.permission.ACCESS_FINE_LOCATION
ADDED from src\main\AndroidManifest.xml:12:5-79
	android:name
		ADDED from src\main\AndroidManifest.xml:12:22-76
uses-permission#android.permission.ACCESS_COARSE_LOCATION
ADDED from src\main\AndroidManifest.xml:13:5-81
	android:name
		ADDED from src\main\AndroidManifest.xml:13:22-78
uses-permission#android.permission.WRITE_EXTERNAL_STORAGE
ADDED from src\main\AndroidManifest.xml:14:2-77
	android:name
		ADDED from src\main\AndroidManifest.xml:14:19-75
uses-permission#android.permission.INTERNET
ADDED from src\main\AndroidManifest.xml:15:2-63
	android:name
		ADDED from src\main\AndroidManifest.xml:15:19-61
uses-permission#android.permission.SEND_SMS
ADDED from src\main\AndroidManifest.xml:16:2-63
	android:name
		ADDED from src\main\AndroidManifest.xml:16:19-61
uses-permission#android.permission.READ_SMS
ADDED from src\main\AndroidManifest.xml:17:2-63
	android:name
		ADDED from src\main\AndroidManifest.xml:17:19-61
uses-permission#android.permission.RECEIVE_SMS
ADDED from src\main\AndroidManifest.xml:18:2-66
	android:name
		ADDED from src\main\AndroidManifest.xml:18:19-64
uses-permission#android.permission.READ_PHONE_STATE
ADDED from src\main\AndroidManifest.xml:19:5-75
	android:name
		ADDED from src\main\AndroidManifest.xml:19:22-72
permission#com.iloilo.iloilotaxidriverapp.permission.C2D_MESSAGE
ADDED from src\main\AndroidManifest.xml:21:5-23:47
	android:protectionLevel
		ADDED from src\main\AndroidManifest.xml:23:9-44
	android:name
		ADDED from src\main\AndroidManifest.xml:22:9-77
uses-permission#com.iloilo.iloilotaxidriverapp.permission.C2D_MESSAGE
ADDED from src\main\AndroidManifest.xml:25:5-93
	android:name
		ADDED from src\main\AndroidManifest.xml:25:22-90
uses-feature#0x00020000
ADDED from src\main\AndroidManifest.xml:35:5-37:35
	android:glEsVersion
		ADDED from src\main\AndroidManifest.xml:36:9-41
	android:required
		ADDED from src\main\AndroidManifest.xml:37:9-32
uses-sdk
ADDED from src\main\AndroidManifest.xml:40:5-42:41
	android:targetSdkVersion
		ADDED from src\main\AndroidManifest.xml:42:9-38
		INJECTED from src\main\AndroidManifest.xml
		INJECTED from src\main\AndroidManifest.xml
	android:minSdkVersion
		ADDED from src\main\AndroidManifest.xml:41:9-35
		INJECTED from src\main\AndroidManifest.xml
		INJECTED from src\main\AndroidManifest.xml
application
ADDED from src\main\AndroidManifest.xml:44:5-82:17
	android:label
		ADDED from src\main\AndroidManifest.xml:47:9-41
	android:allowBackup
		ADDED from src\main\AndroidManifest.xml:45:9-35
	android:icon
		ADDED from src\main\AndroidManifest.xml:46:9-45
	android:theme
		ADDED from src\main\AndroidManifest.xml:48:9-40
activity#com.iloilo.iloilotaxidriverapp.SplashActivity
ADDED from src\main\AndroidManifest.xml:49:9-57:20
	android:label
		ADDED from src\main\AndroidManifest.xml:51:13-45
	android:name
		ADDED from src\main\AndroidManifest.xml:50:13-43
intent-filter#android.intent.action.MAIN+android.intent.category.LAUNCHER
ADDED from src\main\AndroidManifest.xml:52:13-56:29
action#android.intent.action.MAIN
ADDED from src\main\AndroidManifest.xml:53:17-69
	android:name
		ADDED from src\main\AndroidManifest.xml:53:25-66
category#android.intent.category.LAUNCHER
ADDED from src\main\AndroidManifest.xml:55:17-77
	android:name
		ADDED from src\main\AndroidManifest.xml:55:27-74
activity#com.iloilo.iloilotaxidriverapp.RegisterActivity
ADDED from src\main\AndroidManifest.xml:59:9-101
	android:screenOrientation
		ADDED from src\main\AndroidManifest.xml:59:52-88
	android:name
		ADDED from src\main\AndroidManifest.xml:59:19-51
activity#com.iloilo.iloilotaxidriverapp.MainActivity
ADDED from src\main\AndroidManifest.xml:60:9-96
	android:screenOrientation
		ADDED from src\main\AndroidManifest.xml:60:48-84
	android:name
		ADDED from src\main\AndroidManifest.xml:60:19-47
activity#com.iloilo.iloilotaxidriverapp.RequestorsActivity
ADDED from src\main\AndroidManifest.xml:61:9-102
	android:screenOrientation
		ADDED from src\main\AndroidManifest.xml:61:54-90
	android:name
		ADDED from src\main\AndroidManifest.xml:61:19-53
meta-data#com.google.android.maps.v2.API_KEY
ADDED from src\main\AndroidManifest.xml:63:9-65:71
	android:value
		ADDED from src\main\AndroidManifest.xml:65:13-68
	android:name
		ADDED from src\main\AndroidManifest.xml:64:13-62
meta-data#com.google.android.gms.version
ADDED from src\main\AndroidManifest.xml:66:9-68:69
	android:value
		ADDED from src\main\AndroidManifest.xml:68:13-66
	android:name
		ADDED from src\main\AndroidManifest.xml:67:13-58
receiver#com.iloilo.iloilotaxidriverapp.gcm.GcmBroadcastReceiver
ADDED from src\main\AndroidManifest.xml:70:3-78:20
	android:permission
		ADDED from src\main\AndroidManifest.xml:72:10-70
	android:name
		ADDED from src\main\AndroidManifest.xml:71:10-80
intent-filter#com.google.android.c2dm.intent.RECEIVE+com.google.android.c2dm.intent.REGISTRATION+com.iloilo.iloilotaxidriverapp
ADDED from src\main\AndroidManifest.xml:73:10-77:29
action#com.google.android.c2dm.intent.RECEIVE
ADDED from src\main\AndroidManifest.xml:74:14-78
	android:name
		ADDED from src\main\AndroidManifest.xml:74:22-75
action#com.google.android.c2dm.intent.REGISTRATION
ADDED from src\main\AndroidManifest.xml:75:14-83
	android:name
		ADDED from src\main\AndroidManifest.xml:75:22-80
category#com.iloilo.iloilotaxidriverapp
ADDED from src\main\AndroidManifest.xml:76:18-76
	android:name
		ADDED from src\main\AndroidManifest.xml:76:28-73
service#com.iloilo.iloilotaxidriverapp.gcm.GcmIntentService
ADDED from src\main\AndroidManifest.xml:80:9-87
	android:name
		ADDED from src\main\AndroidManifest.xml:80:18-84